<?xml version="1.0" encoding="UTF-8"?>
<houses>
  <house houseid="1" owner="" paid="0" warnings="0">
    <accesslist listid="256" text="Lord Kina"/>
    <accesslist listid="257" text="lord kina&#10;"/>
  </house>
  <house houseid="2" owner="" paid="0" warnings="0">
    <accesslist listid="256" text="Smocked&#10;"/>
  </house>
  <house houseid="3" owner="" paid="0" warnings="0">
    <accesslist listid="256" text="Master Bulock&#10;Bobzinhu&#10;"/>
  </house>
  <house houseid="4" owner="" paid="0" warnings="0">
    <accesslist listid="256" text="iron lion zion&#10;Badness of blood"/>
  </house>
  <house houseid="5" owner="" paid="0" warnings="0">
    <accesslist listid="256" text="son of kyon&#10;"/>
  </house>
  <house houseid="6" owner="" paid="0" warnings="0">
    <accesslist listid="256" text="Sorcin Bonitinha"/>
    <accesslist listid="257" text="Sorcin Bonitinha"/>
  </house>
  <house houseid="7" owner="" paid="0" warnings="0">
    <accesslist listid="256" text="Darkness Druid&#10;Pinoia"/>
  </house>
  <house houseid="8" owner="" paid="0" warnings="0">
    <accesslist listid="256" text="Intact Mage&#10;Trust Dragonweek&#10;"/>
  </house>
  <house houseid="10" owner="" paid="0" warnings="0">
    <accesslist listid="256" text="Setzer Gambler&#10;"/>
  </house>
  <house houseid="11" owner="" paid="0" warnings="0"/>
  <house houseid="12" owner="" paid="0" warnings="0"/>
  <house houseid="13" owner="" paid="0" warnings="0">
    <accesslist listid="256" text="rosenildo&#10;Armed and Dangerous&#10;keen&#10;kina of kaos"/>
    <accesslist listid="257" text="Celhar&#10;"/>
  </house>
  <house houseid="14" owner="" paid="0" warnings="0"/>
  <house houseid="15" owner="" paid="0" warnings="0"/>
  <house houseid="16" owner="" paid="0" warnings="0">
    <accesslist listid="256" text="Gator Roper"/>
    <accesslist listid="257" text="Gator Roper&#10;&#10;"/>
  </house>
  <house houseid="17" owner="" paid="0" warnings="0">
    <accesslist listid="256" text="Chaosruler&#10;Bob UE &#10;HiDieBye &#10;Soren Lorence &#10;Sky Shoter &#10;Sir corn &#10;Mamoninha &#10;Phoenix &#10;Sky bolter&#10;Pestitisheck&#10;ZekaTokinha Revenge&#10;kyon hisss&#10;Gothmag&#10;taifun devyri"/>
  </house>
  <house houseid="25" owner="" paid="0" warnings="0">
    <accesslist listid="256" text="Vinny"/>
  </house>
  <house houseid="26" owner="" paid="0" warnings="0">
    <accesslist listid="256" text="KiD Begala&#10;Na Jaca"/>
  </house>
  <house houseid="28" owner="" paid="0" warnings="0">
    <accesslist listid="256" text="xP&#10;"/>
    <accesslist listid="257" text="Zorkz&#10;xP&#10;Eternal Oblivion&#10;"/>
  </house>
  <house houseid="29" owner="Shynzo" paid="0" warnings="0">
    <accesslist listid="256" text="Sorc Rox&#10;Skol"/>
    <accesslist listid="257" text="Lorao"/>
  </house>
  <house houseid="30" owner="" paid="0" warnings="0">
    <accesslist listid="256" text="Aldo Avast&#10;&#10;"/>
    <accesslist listid="257" text="kina of chaos&#10;chaos of pala"/>
  </house>
  <house houseid="31" owner="" paid="0" warnings="0">
    <accesslist listid="256" text="Phell Bulock&#10;Figaro"/>
  </house>
  <house houseid="32" owner="" paid="0" warnings="0"/>
  <house houseid="33" owner="" paid="0" warnings="0">
    <accesslist listid="256" text="Knight Boo"/>
    <accesslist listid="257" text="Knight Boo"/>
  </house>
  <house houseid="34" owner="" paid="0" warnings="0">
    <accesslist listid="256" text="Bohemia"/>
    <accesslist listid="257" text="Bohemia"/>
  </house>
  <house houseid="35" owner="" paid="0" warnings="0"/>
  <house houseid="36" owner="" paid="0" warnings="0">
    <accesslist listid="256" text="&#10;"/>
  </house>
  <house houseid="37" owner="" paid="0" warnings="0">
    <accesslist listid="256" text="Thody"/>
  </house>
  <house houseid="38" owner="" paid="0" warnings="0">
    <accesslist listid="256" text="Mega Paly&#10;&#10;"/>
  </house>
  <house houseid="39" owner="" paid="0" warnings="0">
    <accesslist listid="256" text="Timy pally&#10;"/>
  </house>
  <house houseid="40" owner="" paid="0" warnings="0">
    <accesslist listid="256" text="Dhjoga X"/>
    <accesslist listid="257" text="Dhjoga X"/>
  </house>
  <house houseid="41" owner="" paid="0" warnings="0">
    <accesslist listid="256" text="Plockz&#10;Klansh"/>
    <accesslist listid="257" text="Klansh&#10;Plockz"/>
  </house>
  <house houseid="42" owner="" paid="0" warnings="0">
    <accesslist listid="256" text="Archerzito&#10;Lord kina&#10;Bielzinhu&#10;"/>
    <accesslist listid="257" text="Archerzito&#10;"/>
  </house>
  <house houseid="43" owner="" paid="0" warnings="0">
    <accesslist listid="256" text="GM Chaos&#10;Chaos Tox&#10;Sir Corn&#10;Soren&#10;ThuNdEr FoX&#10;Theodoric Isonomia&#10;"/>
    <accesslist listid="257" text="LoRaO&#10;"/>
  </house>
  <house houseid="44" owner="" paid="0" warnings="0">
    <accesslist listid="256" text="Archerzito&#10;Lord Pally&#10;"/>
    <accesslist listid="257" text="Arxherzito&#10;"/>
  </house>
  <house houseid="45" owner="" paid="0" warnings="0"/>
  <house houseid="46" owner="" paid="0" warnings="0">
    <accesslist listid="256" text="Venon Yep&#10;Cancell"/>
    <accesslist listid="257" text="Venon Yep"/>
  </house>
  <house houseid="47" owner="" paid="0" warnings="0">
    <accesslist listid="256" text="Sir ViNnY"/>
  </house>
  <house houseid="48" owner="" paid="0" warnings="0">
    <accesslist listid="256" text="bhell bullock&#10;"/>
  </house>
  <house houseid="49" owner="" paid="0" warnings="0"/>
  <house houseid="50" owner="" paid="0" warnings="0">
    <accesslist listid="256" text="X x X"/>
    <accesslist listid="257" text="X x X"/>
  </house>
  <house houseid="51" owner="" paid="0" warnings="0">
    <accesslist listid="256" text="ToSkItA"/>
  </house>
  <house houseid="52" owner="" paid="0" warnings="0">
    <accesslist listid="256" text="Lord Paulistinha&#10;"/>
  </house>
  <house houseid="53" owner="" paid="0" warnings="0"/>
  <house houseid="54" owner="" paid="0" warnings="0"/>
  <house houseid="55" owner="" paid="0" warnings="0"/>
  <house houseid="56" owner="" paid="0" warnings="0"/>
  <house houseid="57" owner="" paid="0" warnings="0">
    <accesslist listid="256" text="CanCell&#10;Te Como&#10;Me Come"/>
  </house>
  <house houseid="58" owner="" paid="0" warnings="0"/>
  <house houseid="59" owner="" paid="0" warnings="0"/>
  <house houseid="60" owner="" paid="0" warnings="0"/>
  <house houseid="61" owner="" paid="0" warnings="0"/>
  <house houseid="62" owner="" paid="0" warnings="0"/>
  <house houseid="63" owner="" paid="0" warnings="0"/>
  <house houseid="64" owner="" paid="0" warnings="0"/>
  <house houseid="65" owner="" paid="0" warnings="0"/>
  <house houseid="66" owner="" paid="0" warnings="0"/>
  <house houseid="67" owner="" paid="0" warnings="0"/>
  <house houseid="68" owner="" paid="0" warnings="0"/>
  <house houseid="69" owner="" paid="0" warnings="0">
    <accesslist listid="256" text="Son of Chaosruler"/>
  </house>
  <house houseid="70" owner="" paid="0" warnings="0">
    <accesslist listid="256" text="Dredz"/>
  </house>
  <house houseid="71" owner="" paid="0" warnings="0"/>
  <house houseid="72" owner="" paid="0" warnings="0"/>
  <house houseid="73" owner="" paid="0" warnings="0"/>
  <house houseid="74" owner="" paid="0" warnings="0">
    <accesslist listid="257" text="GM Knu&#10;GOD Brolly&#10;JuJuzinha"/>
  </house>
  <house houseid="75" owner="" paid="0" warnings="0"/>
  <house houseid="76" owner="" paid="0" warnings="0"/>
  <house houseid="77" owner="" paid="0" warnings="0">
    <accesslist listid="256" text="Capt Ruin"/>
  </house>
  <house houseid="78" owner="" paid="0" warnings="0"/>
  <house houseid="79" owner="" paid="0" warnings="0"/>
  <house houseid="80" owner="" paid="0" warnings="0"/>
  <house houseid="81" owner="" paid="0" warnings="0"/>
  <house houseid="82" owner="" paid="0" warnings="0">
    <accesslist listid="256" text="BoB rOOts"/>
    <accesslist listid="257" text="BoB rOOts"/>
  </house>
  <house houseid="83" owner="" paid="0" warnings="0">
    <accesslist listid="256" text="mosquito zarte"/>
  </house>
  <house houseid="84" owner="" paid="0" warnings="0"/>
  <house houseid="85" owner="" paid="0" warnings="0">
    <accesslist listid="256" text="Royal Pinota"/>
  </house>
</houses>
